<?xml version="1.0"?>
<testsuite name="PhantomJS 2.1.1 (Linux 0.0.0)" package="" timestamp="2016-08-07T05:21:49" id="0" hostname="jay-Inspiron-N4010" tests="2" errors="0" failures="0" time="0.017">
  <properties>
    <property name="browser.fullName" value="Mozilla/5.0 (Unknown; Linux i686) AppleWebKit/538.1 (KHTML, like Gecko) PhantomJS/2.1.1 Safari/538.1"/>
  </properties>
  <testcase name="Controllers should have enabled friends to be true" time="0.013" classname="PhantomJS_2_1_1_(Linux_0_0_0).Controllers"/>
  <testcase name="Controllers should have enabled boy to be false" time="0.004" classname="PhantomJS_2_1_1_(Linux_0_0_0).Controllers"/>
  <system-out>
    <![CDATA[
]]>
  </system-out>
  <system-err/>
</testsuite>